<?xml version="1.0" encoding="UTF-8"?>
<testsuite name="org.talend.flux.FluxWebappPocApplicationTests" tests="2" skipped="0" failures="0" errors="0" timestamp="2017-08-16T13:15:49" hostname="TLND-afourmi" time="11.608">
  <properties/>
  <testcase name="create" classname="org.talend.flux.FluxWebappPocApplicationTests" time="1.591"/>
  <testcase name="list" classname="org.talend.flux.FluxWebappPocApplicationTests" time="10.016"/>
  <system-out><![CDATA[15:15:49.730 [Test worker] DEBUG reactor.util.Loggers$LoggerFactory - Using Slf4j logging framework
15:15:49.741 [Test worker] DEBUG io.netty.util.internal.logging.InternalLoggerFactory - Using SLF4J as the default logging framework
15:15:49.753 [Test worker] DEBUG io.netty.handler.ssl.OpenSsl - netty-tcnative not in the classpath; OpenSslEngine will be unavailable.
15:15:49.875 [Test worker] DEBUG io.netty.handler.ssl.JdkSslContext - Default protocols (JDK): [TLSv1.2, TLSv1.1, TLSv1] 
15:15:49.876 [Test worker] DEBUG io.netty.handler.ssl.JdkSslContext - Default cipher suites (JDK): [TLS_ECDHE_ECDSA_WITH_AES_128_GCM_SHA256, TLS_ECDHE_RSA_WITH_AES_128_GCM_SHA256, TLS_ECDHE_RSA_WITH_AES_128_CBC_SHA, TLS_RSA_WITH_AES_128_GCM_SHA256, TLS_RSA_WITH_AES_128_CBC_SHA]
15:15:49.896 [Test worker] DEBUG io.netty.util.internal.PlatformDependent0 - -Dio.netty.noUnsafe: false
15:15:49.896 [Test worker] DEBUG io.netty.util.internal.PlatformDependent0 - Java version: 8
15:15:49.897 [Test worker] DEBUG io.netty.util.internal.PlatformDependent0 - sun.misc.Unsafe.theUnsafe: available
15:15:49.898 [Test worker] DEBUG io.netty.util.internal.PlatformDependent0 - sun.misc.Unsafe.copyMemory: available
15:15:49.898 [Test worker] DEBUG io.netty.util.internal.PlatformDependent0 - java.nio.Buffer.address: available
15:15:49.898 [Test worker] DEBUG io.netty.util.internal.PlatformDependent0 - direct buffer constructor: available
15:15:49.899 [Test worker] DEBUG io.netty.util.internal.PlatformDependent0 - java.nio.Bits.unaligned: available, true
15:15:49.899 [Test worker] DEBUG io.netty.util.internal.PlatformDependent0 - jdk.internal.misc.Unsafe.allocateUninitializedArray(int): unavailable prior to Java9
15:15:49.899 [Test worker] DEBUG io.netty.util.internal.PlatformDependent0 - java.nio.DirectByteBuffer.<init>(long, int): available
15:15:49.899 [Test worker] DEBUG io.netty.util.internal.PlatformDependent - sun.misc.Unsafe: available
15:15:49.899 [Test worker] DEBUG io.netty.util.internal.PlatformDependent - -Dio.netty.tmpdir: /tmp (java.io.tmpdir)
15:15:49.899 [Test worker] DEBUG io.netty.util.internal.PlatformDependent - -Dio.netty.bitMode: 64 (sun.arch.data.model)
15:15:49.900 [Test worker] DEBUG io.netty.util.internal.PlatformDependent - -Dio.netty.noPreferDirect: false
15:15:49.900 [Test worker] DEBUG io.netty.util.internal.PlatformDependent - -Dio.netty.maxDirectMemory: 3670540288 bytes
15:15:49.900 [Test worker] DEBUG io.netty.util.internal.PlatformDependent - -Dio.netty.uninitializedArrayAllocationThreshold: -1
15:15:49.901 [Test worker] DEBUG io.netty.util.internal.CleanerJava6 - java.nio.ByteBuffer.cleaner(): available
15:15:49.912 [Test worker] DEBUG io.netty.buffer.PooledByteBufAllocator - -Dio.netty.allocator.numHeapArenas: 16
15:15:49.912 [Test worker] DEBUG io.netty.buffer.PooledByteBufAllocator - -Dio.netty.allocator.numDirectArenas: 16
15:15:49.913 [Test worker] DEBUG io.netty.buffer.PooledByteBufAllocator - -Dio.netty.allocator.pageSize: 8192
15:15:49.913 [Test worker] DEBUG io.netty.buffer.PooledByteBufAllocator - -Dio.netty.allocator.maxOrder: 11
15:15:49.913 [Test worker] DEBUG io.netty.buffer.PooledByteBufAllocator - -Dio.netty.allocator.chunkSize: 16777216
15:15:49.913 [Test worker] DEBUG io.netty.buffer.PooledByteBufAllocator - -Dio.netty.allocator.tinyCacheSize: 512
15:15:49.913 [Test worker] DEBUG io.netty.buffer.PooledByteBufAllocator - -Dio.netty.allocator.smallCacheSize: 256
15:15:49.913 [Test worker] DEBUG io.netty.buffer.PooledByteBufAllocator - -Dio.netty.allocator.normalCacheSize: 64
15:15:49.913 [Test worker] DEBUG io.netty.buffer.PooledByteBufAllocator - -Dio.netty.allocator.maxCachedBufferCapacity: 32768
15:15:49.913 [Test worker] DEBUG io.netty.buffer.PooledByteBufAllocator - -Dio.netty.allocator.cacheTrimInterval: 8192
15:15:49.914 [Test worker] DEBUG io.netty.buffer.PooledByteBufAllocator - -Dio.netty.allocator.useCacheForAllThreads: true
15:15:49.931 [Test worker] DEBUG io.netty.channel.MultithreadEventLoopGroup - -Dio.netty.eventLoopThreads: 16
15:15:49.942 [Test worker] DEBUG io.netty.channel.nio.NioEventLoop - -Dio.netty.noKeySetOptimization: false
15:15:49.942 [Test worker] DEBUG io.netty.channel.nio.NioEventLoop - -Dio.netty.selectorAutoRebuildThreshold: 512
15:15:49.943 [Test worker] DEBUG io.netty.util.internal.PlatformDependent - org.jctools-core.MpscChunkedArrayQueue: available
15:15:50.026 [Test worker] DEBUG org.springframework.web.reactive.function.client - onSubscribe(FluxSwitchIfEmpty.SwitchIfEmptySubscriber)
15:15:50.027 [Test worker] DEBUG org.springframework.web.reactive.function.client - request(unbounded)
15:15:50.035 [Test worker] DEBUG io.netty.util.internal.NativeLibraryLoader - -Dio.netty.tmpdir: /tmp (java.io.tmpdir)
15:15:50.035 [Test worker] DEBUG io.netty.util.internal.NativeLibraryLoader - -Dio.netty.native.workdir: /tmp (io.netty.tmpdir)
15:15:50.038 [Test worker] DEBUG io.netty.util.internal.NativeLibraryLoader - Unable to load the library 'netty-transport-native-epoll', trying other loading mechanism.
java.lang.UnsatisfiedLinkError: no netty-transport-native-epoll in java.library.path
	at java.lang.ClassLoader.loadLibrary(ClassLoader.java:1867)
	at java.lang.Runtime.loadLibrary0(Runtime.java:870)
	at java.lang.System.loadLibrary(System.java:1122)
	at io.netty.util.internal.NativeLibraryUtil.loadLibrary(NativeLibraryUtil.java:38)
	at sun.reflect.NativeMethodAccessorImpl.invoke0(Native Method)
	at sun.reflect.NativeMethodAccessorImpl.invoke(NativeMethodAccessorImpl.java:62)
	at sun.reflect.DelegatingMethodAccessorImpl.invoke(DelegatingMethodAccessorImpl.java:43)
	at java.lang.reflect.Method.invoke(Method.java:498)
	at io.netty.util.internal.NativeLibraryLoader$1.run(NativeLibraryLoader.java:291)
	at java.security.AccessController.doPrivileged(Native Method)
	at io.netty.util.internal.NativeLibraryLoader.loadLibraryByHelper(NativeLibraryLoader.java:283)
	at io.netty.util.internal.NativeLibraryLoader.loadLibrary(NativeLibraryLoader.java:271)
	at io.netty.util.internal.NativeLibraryLoader.load(NativeLibraryLoader.java:204)
	at io.netty.util.internal.NativeLibraryLoader.loadFirstAvailable(NativeLibraryLoader.java:172)
	at io.netty.channel.epoll.Native.loadNativeLibrary(Native.java:195)
	at io.netty.channel.epoll.Native.<clinit>(Native.java:61)
	at io.netty.channel.epoll.Epoll.<clinit>(Epoll.java:33)
	at java.lang.Class.forName0(Native Method)
	at java.lang.Class.forName(Class.java:264)
	at reactor.ipc.netty.resources.DefaultLoopEpollDetector.<clinit>(DefaultLoopEpollDetector.java:47)
	at reactor.ipc.netty.resources.LoopResources.preferNative(LoopResources.java:206)
	at reactor.ipc.netty.resources.DefaultLoopResources.onClient(DefaultLoopResources.java:154)
	at reactor.ipc.netty.tcp.TcpResources.onClient(TcpResources.java:166)
	at reactor.ipc.netty.tcp.TcpClient.lambda$newHandler$1(TcpClient.java:179)
	at reactor.core.publisher.MonoCreate.subscribe(MonoCreate.java:51)
	at reactor.core.publisher.MonoDefer.subscribe(MonoDefer.java:52)
	at reactor.core.publisher.Mono.subscribe(Mono.java:2769)
	at reactor.core.publisher.FluxRetryPredicate$RetryPredicateSubscriber.resubscribe(FluxRetryPredicate.java:123)
	at reactor.core.publisher.MonoRetryPredicate.subscribe(MonoRetryPredicate.java:50)
	at reactor.core.publisher.MonoMap.subscribe(MonoMap.java:55)
	at reactor.ipc.netty.http.client.MonoHttpClientResponse.subscribe(MonoHttpClientResponse.java:79)
	at reactor.core.publisher.MonoMap.subscribe(MonoMap.java:55)
	at reactor.core.publisher.MonoSwitchIfEmpty.subscribe(MonoSwitchIfEmpty.java:44)
	at reactor.core.publisher.MonoLog.subscribe(MonoLog.java:51)
	at reactor.core.publisher.MonoMap.subscribe(MonoMap.java:55)
	at reactor.core.publisher.MonoSwitchIfEmpty.subscribe(MonoSwitchIfEmpty.java:44)
	at reactor.core.publisher.Mono.subscribe(Mono.java:2769)
	at reactor.core.publisher.Mono.subscribeWith(Mono.java:2830)
	at reactor.core.publisher.Mono.subscribe(Mono.java:2654)
	at org.talend.flux.FluxWebappPocApplicationTests.create(FluxWebappPocApplicationTests.java:58)
	at sun.reflect.NativeMethodAccessorImpl.invoke0(Native Method)
	at sun.reflect.NativeMethodAccessorImpl.invoke(NativeMethodAccessorImpl.java:62)
	at sun.reflect.DelegatingMethodAccessorImpl.invoke(DelegatingMethodAccessorImpl.java:43)
	at java.lang.reflect.Method.invoke(Method.java:498)
	at org.junit.runners.model.FrameworkMethod$1.runReflectiveCall(FrameworkMethod.java:50)
	at org.junit.internal.runners.model.ReflectiveCallable.run(ReflectiveCallable.java:12)
	at org.junit.runners.model.FrameworkMethod.invokeExplosively(FrameworkMethod.java:47)
	at org.junit.internal.runners.statements.InvokeMethod.evaluate(InvokeMethod.java:17)
	at org.junit.runners.ParentRunner.runLeaf(ParentRunner.java:325)
	at org.junit.runners.BlockJUnit4ClassRunner.runChild(BlockJUnit4ClassRunner.java:78)
	at org.junit.runners.BlockJUnit4ClassRunner.runChild(BlockJUnit4ClassRunner.java:57)
	at org.junit.runners.ParentRunner$3.run(ParentRunner.java:290)
	at org.junit.runners.ParentRunner$1.schedule(ParentRunner.java:71)
	at org.junit.runners.ParentRunner.runChildren(ParentRunner.java:288)
	at org.junit.runners.ParentRunner.access$000(ParentRunner.java:58)
	at org.junit.runners.ParentRunner$2.evaluate(ParentRunner.java:268)
	at org.junit.runners.ParentRunner.run(ParentRunner.java:363)
	at org.gradle.api.internal.tasks.testing.junit.JUnitTestClassExecuter.runTestClass(JUnitTestClassExecuter.java:114)
	at org.gradle.api.internal.tasks.testing.junit.JUnitTestClassExecuter.execute(JUnitTestClassExecuter.java:57)
	at org.gradle.api.internal.tasks.testing.junit.JUnitTestClassProcessor.processTestClass(JUnitTestClassProcessor.java:66)
	at org.gradle.api.internal.tasks.testing.SuiteTestClassProcessor.processTestClass(SuiteTestClassProcessor.java:51)
	at sun.reflect.NativeMethodAccessorImpl.invoke0(Native Method)
	at sun.reflect.NativeMethodAccessorImpl.invoke(NativeMethodAccessorImpl.java:62)
	at sun.reflect.DelegatingMethodAccessorImpl.invoke(DelegatingMethodAccessorImpl.java:43)
	at java.lang.reflect.Method.invoke(Method.java:498)
	at org.gradle.internal.dispatch.ReflectionDispatch.dispatch(ReflectionDispatch.java:35)
	at org.gradle.internal.dispatch.ReflectionDispatch.dispatch(ReflectionDispatch.java:24)
	at org.gradle.internal.dispatch.ContextClassLoaderDispatch.dispatch(ContextClassLoaderDispatch.java:32)
	at org.gradle.internal.dispatch.ProxyDispatchAdapter$DispatchingInvocationHandler.invoke(ProxyDispatchAdapter.java:93)
	at com.sun.proxy.$Proxy2.processTestClass(Unknown Source)
	at org.gradle.api.internal.tasks.testing.worker.TestWorker.processTestClass(TestWorker.java:109)
	at sun.reflect.NativeMethodAccessorImpl.invoke0(Native Method)
	at sun.reflect.NativeMethodAccessorImpl.invoke(NativeMethodAccessorImpl.java:62)
	at sun.reflect.DelegatingMethodAccessorImpl.invoke(DelegatingMethodAccessorImpl.java:43)
	at java.lang.reflect.Method.invoke(Method.java:498)
	at org.gradle.internal.dispatch.ReflectionDispatch.dispatch(ReflectionDispatch.java:35)
	at org.gradle.internal.dispatch.ReflectionDispatch.dispatch(ReflectionDispatch.java:24)
	at org.gradle.internal.remote.internal.hub.MessageHubBackedObjectConnection$DispatchWrapper.dispatch(MessageHubBackedObjectConnection.java:147)
	at org.gradle.internal.remote.internal.hub.MessageHubBackedObjectConnection$DispatchWrapper.dispatch(MessageHubBackedObjectConnection.java:129)
	at org.gradle.internal.remote.internal.hub.MessageHub$Handler.run(MessageHub.java:404)
	at org.gradle.internal.concurrent.ExecutorPolicy$CatchAndRecordFailures.onExecute(ExecutorPolicy.java:63)
	at org.gradle.internal.concurrent.StoppableExecutorImpl$1.run(StoppableExecutorImpl.java:46)
	at java.util.concurrent.ThreadPoolExecutor.runWorker(ThreadPoolExecutor.java:1149)
	at java.util.concurrent.ThreadPoolExecutor$Worker.run(ThreadPoolExecutor.java:624)
	at java.lang.Thread.run(Thread.java:748)
15:15:50.040 [Test worker] DEBUG io.netty.util.internal.NativeLibraryLoader - Unable to load the library 'netty-transport-native-epoll', trying next name...
java.lang.UnsatisfiedLinkError: no netty-transport-native-epoll in java.library.path
	at java.lang.ClassLoader.loadLibrary(ClassLoader.java:1867)
	at java.lang.Runtime.loadLibrary0(Runtime.java:870)
	at java.lang.System.loadLibrary(System.java:1122)
	at io.netty.util.internal.NativeLibraryUtil.loadLibrary(NativeLibraryUtil.java:38)
	at io.netty.util.internal.NativeLibraryLoader.loadLibrary(NativeLibraryLoader.java:278)
	at io.netty.util.internal.NativeLibraryLoader.load(NativeLibraryLoader.java:204)
	at io.netty.util.internal.NativeLibraryLoader.loadFirstAvailable(NativeLibraryLoader.java:172)
	at io.netty.channel.epoll.Native.loadNativeLibrary(Native.java:195)
	at io.netty.channel.epoll.Native.<clinit>(Native.java:61)
	at io.netty.channel.epoll.Epoll.<clinit>(Epoll.java:33)
	at java.lang.Class.forName0(Native Method)
	at java.lang.Class.forName(Class.java:264)
	at reactor.ipc.netty.resources.DefaultLoopEpollDetector.<clinit>(DefaultLoopEpollDetector.java:47)
	at reactor.ipc.netty.resources.LoopResources.preferNative(LoopResources.java:206)
	at reactor.ipc.netty.resources.DefaultLoopResources.onClient(DefaultLoopResources.java:154)
	at reactor.ipc.netty.tcp.TcpResources.onClient(TcpResources.java:166)
	at reactor.ipc.netty.tcp.TcpClient.lambda$newHandler$1(TcpClient.java:179)
	at reactor.core.publisher.MonoCreate.subscribe(MonoCreate.java:51)
	at reactor.core.publisher.MonoDefer.subscribe(MonoDefer.java:52)
	at reactor.core.publisher.Mono.subscribe(Mono.java:2769)
	at reactor.core.publisher.FluxRetryPredicate$RetryPredicateSubscriber.resubscribe(FluxRetryPredicate.java:123)
	at reactor.core.publisher.MonoRetryPredicate.subscribe(MonoRetryPredicate.java:50)
	at reactor.core.publisher.MonoMap.subscribe(MonoMap.java:55)
	at reactor.ipc.netty.http.client.MonoHttpClientResponse.subscribe(MonoHttpClientResponse.java:79)
	at reactor.core.publisher.MonoMap.subscribe(MonoMap.java:55)
	at reactor.core.publisher.MonoSwitchIfEmpty.subscribe(MonoSwitchIfEmpty.java:44)
	at reactor.core.publisher.MonoLog.subscribe(MonoLog.java:51)
	at reactor.core.publisher.MonoMap.subscribe(MonoMap.java:55)
	at reactor.core.publisher.MonoSwitchIfEmpty.subscribe(MonoSwitchIfEmpty.java:44)
	at reactor.core.publisher.Mono.subscribe(Mono.java:2769)
	at reactor.core.publisher.Mono.subscribeWith(Mono.java:2830)
	at reactor.core.publisher.Mono.subscribe(Mono.java:2654)
	at org.talend.flux.FluxWebappPocApplicationTests.create(FluxWebappPocApplicationTests.java:58)
	at sun.reflect.NativeMethodAccessorImpl.invoke0(Native Method)
	at sun.reflect.NativeMethodAccessorImpl.invoke(NativeMethodAccessorImpl.java:62)
	at sun.reflect.DelegatingMethodAccessorImpl.invoke(DelegatingMethodAccessorImpl.java:43)
	at java.lang.reflect.Method.invoke(Method.java:498)
	at org.junit.runners.model.FrameworkMethod$1.runReflectiveCall(FrameworkMethod.java:50)
	at org.junit.internal.runners.model.ReflectiveCallable.run(ReflectiveCallable.java:12)
	at org.junit.runners.model.FrameworkMethod.invokeExplosively(FrameworkMethod.java:47)
	at org.junit.internal.runners.statements.InvokeMethod.evaluate(InvokeMethod.java:17)
	at org.junit.runners.ParentRunner.runLeaf(ParentRunner.java:325)
	at org.junit.runners.BlockJUnit4ClassRunner.runChild(BlockJUnit4ClassRunner.java:78)
	at org.junit.runners.BlockJUnit4ClassRunner.runChild(BlockJUnit4ClassRunner.java:57)
	at org.junit.runners.ParentRunner$3.run(ParentRunner.java:290)
	at org.junit.runners.ParentRunner$1.schedule(ParentRunner.java:71)
	at org.junit.runners.ParentRunner.runChildren(ParentRunner.java:288)
	at org.junit.runners.ParentRunner.access$000(ParentRunner.java:58)
	at org.junit.runners.ParentRunner$2.evaluate(ParentRunner.java:268)
	at org.junit.runners.ParentRunner.run(ParentRunner.java:363)
	at org.gradle.api.internal.tasks.testing.junit.JUnitTestClassExecuter.runTestClass(JUnitTestClassExecuter.java:114)
	at org.gradle.api.internal.tasks.testing.junit.JUnitTestClassExecuter.execute(JUnitTestClassExecuter.java:57)
	at org.gradle.api.internal.tasks.testing.junit.JUnitTestClassProcessor.processTestClass(JUnitTestClassProcessor.java:66)
	at org.gradle.api.internal.tasks.testing.SuiteTestClassProcessor.processTestClass(SuiteTestClassProcessor.java:51)
	at sun.reflect.NativeMethodAccessorImpl.invoke0(Native Method)
	at sun.reflect.NativeMethodAccessorImpl.invoke(NativeMethodAccessorImpl.java:62)
	at sun.reflect.DelegatingMethodAccessorImpl.invoke(DelegatingMethodAccessorImpl.java:43)
	at java.lang.reflect.Method.invoke(Method.java:498)
	at org.gradle.internal.dispatch.ReflectionDispatch.dispatch(ReflectionDispatch.java:35)
	at org.gradle.internal.dispatch.ReflectionDispatch.dispatch(ReflectionDispatch.java:24)
	at org.gradle.internal.dispatch.ContextClassLoaderDispatch.dispatch(ContextClassLoaderDispatch.java:32)
	at org.gradle.internal.dispatch.ProxyDispatchAdapter$DispatchingInvocationHandler.invoke(ProxyDispatchAdapter.java:93)
	at com.sun.proxy.$Proxy2.processTestClass(Unknown Source)
	at org.gradle.api.internal.tasks.testing.worker.TestWorker.processTestClass(TestWorker.java:109)
	at sun.reflect.NativeMethodAccessorImpl.invoke0(Native Method)
	at sun.reflect.NativeMethodAccessorImpl.invoke(NativeMethodAccessorImpl.java:62)
	at sun.reflect.DelegatingMethodAccessorImpl.invoke(DelegatingMethodAccessorImpl.java:43)
	at java.lang.reflect.Method.invoke(Method.java:498)
	at org.gradle.internal.dispatch.ReflectionDispatch.dispatch(ReflectionDispatch.java:35)
	at org.gradle.internal.dispatch.ReflectionDispatch.dispatch(ReflectionDispatch.java:24)
	at org.gradle.internal.remote.internal.hub.MessageHubBackedObjectConnection$DispatchWrapper.dispatch(MessageHubBackedObjectConnection.java:147)
	at org.gradle.internal.remote.internal.hub.MessageHubBackedObjectConnection$DispatchWrapper.dispatch(MessageHubBackedObjectConnection.java:129)
	at org.gradle.internal.remote.internal.hub.MessageHub$Handler.run(MessageHub.java:404)
	at org.gradle.internal.concurrent.ExecutorPolicy$CatchAndRecordFailures.onExecute(ExecutorPolicy.java:63)
	at org.gradle.internal.concurrent.StoppableExecutorImpl$1.run(StoppableExecutorImpl.java:46)
	at java.util.concurrent.ThreadPoolExecutor.runWorker(ThreadPoolExecutor.java:1149)
	at java.util.concurrent.ThreadPoolExecutor$Worker.run(ThreadPoolExecutor.java:624)
	at java.lang.Thread.run(Thread.java:748)
15:15:50.042 [Test worker] DEBUG io.netty.util.internal.NativeLibraryLoader - Unable to load the library 'netty_transport_native_epoll', trying other loading mechanism.
java.lang.UnsatisfiedLinkError: no netty_transport_native_epoll in java.library.path
	at java.lang.ClassLoader.loadLibrary(ClassLoader.java:1867)
	at java.lang.Runtime.loadLibrary0(Runtime.java:870)
	at java.lang.System.loadLibrary(System.java:1122)
	at io.netty.util.internal.NativeLibraryUtil.loadLibrary(NativeLibraryUtil.java:38)
	at sun.reflect.NativeMethodAccessorImpl.invoke0(Native Method)
	at sun.reflect.NativeMethodAccessorImpl.invoke(NativeMethodAccessorImpl.java:62)
	at sun.reflect.DelegatingMethodAccessorImpl.invoke(DelegatingMethodAccessorImpl.java:43)
	at java.lang.reflect.Method.invoke(Method.java:498)
	at io.netty.util.internal.NativeLibraryLoader$1.run(NativeLibraryLoader.java:291)
	at java.security.AccessController.doPrivileged(Native Method)
	at io.netty.util.internal.NativeLibraryLoader.loadLibraryByHelper(NativeLibraryLoader.java:283)
	at io.netty.util.internal.NativeLibraryLoader.loadLibrary(NativeLibraryLoader.java:271)
	at io.netty.util.internal.NativeLibraryLoader.load(NativeLibraryLoader.java:204)
	at io.netty.util.internal.NativeLibraryLoader.loadFirstAvailable(NativeLibraryLoader.java:172)
	at io.netty.channel.epoll.Native.loadNativeLibrary(Native.java:195)
	at io.netty.channel.epoll.Native.<clinit>(Native.java:61)
	at io.netty.channel.epoll.Epoll.<clinit>(Epoll.java:33)
	at java.lang.Class.forName0(Native Method)
	at java.lang.Class.forName(Class.java:264)
	at reactor.ipc.netty.resources.DefaultLoopEpollDetector.<clinit>(DefaultLoopEpollDetector.java:47)
	at reactor.ipc.netty.resources.LoopResources.preferNative(LoopResources.java:206)
	at reactor.ipc.netty.resources.DefaultLoopResources.onClient(DefaultLoopResources.java:154)
	at reactor.ipc.netty.tcp.TcpResources.onClient(TcpResources.java:166)
	at reactor.ipc.netty.tcp.TcpClient.lambda$newHandler$1(TcpClient.java:179)
	at reactor.core.publisher.MonoCreate.subscribe(MonoCreate.java:51)
	at reactor.core.publisher.MonoDefer.subscribe(MonoDefer.java:52)
	at reactor.core.publisher.Mono.subscribe(Mono.java:2769)
	at reactor.core.publisher.FluxRetryPredicate$RetryPredicateSubscriber.resubscribe(FluxRetryPredicate.java:123)
	at reactor.core.publisher.MonoRetryPredicate.subscribe(MonoRetryPredicate.java:50)
	at reactor.core.publisher.MonoMap.subscribe(MonoMap.java:55)
	at reactor.ipc.netty.http.client.MonoHttpClientResponse.subscribe(MonoHttpClientResponse.java:79)
	at reactor.core.publisher.MonoMap.subscribe(MonoMap.java:55)
	at reactor.core.publisher.MonoSwitchIfEmpty.subscribe(MonoSwitchIfEmpty.java:44)
	at reactor.core.publisher.MonoLog.subscribe(MonoLog.java:51)
	at reactor.core.publisher.MonoMap.subscribe(MonoMap.java:55)
	at reactor.core.publisher.MonoSwitchIfEmpty.subscribe(MonoSwitchIfEmpty.java:44)
	at reactor.core.publisher.Mono.subscribe(Mono.java:2769)
	at reactor.core.publisher.Mono.subscribeWith(Mono.java:2830)
	at reactor.core.publisher.Mono.subscribe(Mono.java:2654)
	at org.talend.flux.FluxWebappPocApplicationTests.create(FluxWebappPocApplicationTests.java:58)
	at sun.reflect.NativeMethodAccessorImpl.invoke0(Native Method)
	at sun.reflect.NativeMethodAccessorImpl.invoke(NativeMethodAccessorImpl.java:62)
	at sun.reflect.DelegatingMethodAccessorImpl.invoke(DelegatingMethodAccessorImpl.java:43)
	at java.lang.reflect.Method.invoke(Method.java:498)
	at org.junit.runners.model.FrameworkMethod$1.runReflectiveCall(FrameworkMethod.java:50)
	at org.junit.internal.runners.model.ReflectiveCallable.run(ReflectiveCallable.java:12)
	at org.junit.runners.model.FrameworkMethod.invokeExplosively(FrameworkMethod.java:47)
	at org.junit.internal.runners.statements.InvokeMethod.evaluate(InvokeMethod.java:17)
	at org.junit.runners.ParentRunner.runLeaf(ParentRunner.java:325)
	at org.junit.runners.BlockJUnit4ClassRunner.runChild(BlockJUnit4ClassRunner.java:78)
	at org.junit.runners.BlockJUnit4ClassRunner.runChild(BlockJUnit4ClassRunner.java:57)
	at org.junit.runners.ParentRunner$3.run(ParentRunner.java:290)
	at org.junit.runners.ParentRunner$1.schedule(ParentRunner.java:71)
	at org.junit.runners.ParentRunner.runChildren(ParentRunner.java:288)
	at org.junit.runners.ParentRunner.access$000(ParentRunner.java:58)
	at org.junit.runners.ParentRunner$2.evaluate(ParentRunner.java:268)
	at org.junit.runners.ParentRunner.run(ParentRunner.java:363)
	at org.gradle.api.internal.tasks.testing.junit.JUnitTestClassExecuter.runTestClass(JUnitTestClassExecuter.java:114)
	at org.gradle.api.internal.tasks.testing.junit.JUnitTestClassExecuter.execute(JUnitTestClassExecuter.java:57)
	at org.gradle.api.internal.tasks.testing.junit.JUnitTestClassProcessor.processTestClass(JUnitTestClassProcessor.java:66)
	at org.gradle.api.internal.tasks.testing.SuiteTestClassProcessor.processTestClass(SuiteTestClassProcessor.java:51)
	at sun.reflect.NativeMethodAccessorImpl.invoke0(Native Method)
	at sun.reflect.NativeMethodAccessorImpl.invoke(NativeMethodAccessorImpl.java:62)
	at sun.reflect.DelegatingMethodAccessorImpl.invoke(DelegatingMethodAccessorImpl.java:43)
	at java.lang.reflect.Method.invoke(Method.java:498)
	at org.gradle.internal.dispatch.ReflectionDispatch.dispatch(ReflectionDispatch.java:35)
	at org.gradle.internal.dispatch.ReflectionDispatch.dispatch(ReflectionDispatch.java:24)
	at org.gradle.internal.dispatch.ContextClassLoaderDispatch.dispatch(ContextClassLoaderDispatch.java:32)
	at org.gradle.internal.dispatch.ProxyDispatchAdapter$DispatchingInvocationHandler.invoke(ProxyDispatchAdapter.java:93)
	at com.sun.proxy.$Proxy2.processTestClass(Unknown Source)
	at org.gradle.api.internal.tasks.testing.worker.TestWorker.processTestClass(TestWorker.java:109)
	at sun.reflect.NativeMethodAccessorImpl.invoke0(Native Method)
	at sun.reflect.NativeMethodAccessorImpl.invoke(NativeMethodAccessorImpl.java:62)
	at sun.reflect.DelegatingMethodAccessorImpl.invoke(DelegatingMethodAccessorImpl.java:43)
	at java.lang.reflect.Method.invoke(Method.java:498)
	at org.gradle.internal.dispatch.ReflectionDispatch.dispatch(ReflectionDispatch.java:35)
	at org.gradle.internal.dispatch.ReflectionDispatch.dispatch(ReflectionDispatch.java:24)
	at org.gradle.internal.remote.internal.hub.MessageHubBackedObjectConnection$DispatchWrapper.dispatch(MessageHubBackedObjectConnection.java:147)
	at org.gradle.internal.remote.internal.hub.MessageHubBackedObjectConnection$DispatchWrapper.dispatch(MessageHubBackedObjectConnection.java:129)
	at org.gradle.internal.remote.internal.hub.MessageHub$Handler.run(MessageHub.java:404)
	at org.gradle.internal.concurrent.ExecutorPolicy$CatchAndRecordFailures.onExecute(ExecutorPolicy.java:63)
	at org.gradle.internal.concurrent.StoppableExecutorImpl$1.run(StoppableExecutorImpl.java:46)
	at java.util.concurrent.ThreadPoolExecutor.runWorker(ThreadPoolExecutor.java:1149)
	at java.util.concurrent.ThreadPoolExecutor$Worker.run(ThreadPoolExecutor.java:624)
	at java.lang.Thread.run(Thread.java:748)
15:15:50.044 [Test worker] DEBUG io.netty.util.internal.NativeLibraryLoader - Unable to load the library 'netty_transport_native_epoll', trying next name...
java.lang.UnsatisfiedLinkError: no netty_transport_native_epoll in java.library.path
	at java.lang.ClassLoader.loadLibrary(ClassLoader.java:1867)
	at java.lang.Runtime.loadLibrary0(Runtime.java:870)
	at java.lang.System.loadLibrary(System.java:1122)
	at io.netty.util.internal.NativeLibraryUtil.loadLibrary(NativeLibraryUtil.java:38)
	at io.netty.util.internal.NativeLibraryLoader.loadLibrary(NativeLibraryLoader.java:278)
	at io.netty.util.internal.NativeLibraryLoader.load(NativeLibraryLoader.java:204)
	at io.netty.util.internal.NativeLibraryLoader.loadFirstAvailable(NativeLibraryLoader.java:172)
	at io.netty.channel.epoll.Native.loadNativeLibrary(Native.java:195)
	at io.netty.channel.epoll.Native.<clinit>(Native.java:61)
	at io.netty.channel.epoll.Epoll.<clinit>(Epoll.java:33)
	at java.lang.Class.forName0(Native Method)
	at java.lang.Class.forName(Class.java:264)
	at reactor.ipc.netty.resources.DefaultLoopEpollDetector.<clinit>(DefaultLoopEpollDetector.java:47)
	at reactor.ipc.netty.resources.LoopResources.preferNative(LoopResources.java:206)
	at reactor.ipc.netty.resources.DefaultLoopResources.onClient(DefaultLoopResources.java:154)
	at reactor.ipc.netty.tcp.TcpResources.onClient(TcpResources.java:166)
	at reactor.ipc.netty.tcp.TcpClient.lambda$newHandler$1(TcpClient.java:179)
	at reactor.core.publisher.MonoCreate.subscribe(MonoCreate.java:51)
	at reactor.core.publisher.MonoDefer.subscribe(MonoDefer.java:52)
	at reactor.core.publisher.Mono.subscribe(Mono.java:2769)
	at reactor.core.publisher.FluxRetryPredicate$RetryPredicateSubscriber.resubscribe(FluxRetryPredicate.java:123)
	at reactor.core.publisher.MonoRetryPredicate.subscribe(MonoRetryPredicate.java:50)
	at reactor.core.publisher.MonoMap.subscribe(MonoMap.java:55)
	at reactor.ipc.netty.http.client.MonoHttpClientResponse.subscribe(MonoHttpClientResponse.java:79)
	at reactor.core.publisher.MonoMap.subscribe(MonoMap.java:55)
	at reactor.core.publisher.MonoSwitchIfEmpty.subscribe(MonoSwitchIfEmpty.java:44)
	at reactor.core.publisher.MonoLog.subscribe(MonoLog.java:51)
	at reactor.core.publisher.MonoMap.subscribe(MonoMap.java:55)
	at reactor.core.publisher.MonoSwitchIfEmpty.subscribe(MonoSwitchIfEmpty.java:44)
	at reactor.core.publisher.Mono.subscribe(Mono.java:2769)
	at reactor.core.publisher.Mono.subscribeWith(Mono.java:2830)
	at reactor.core.publisher.Mono.subscribe(Mono.java:2654)
	at org.talend.flux.FluxWebappPocApplicationTests.create(FluxWebappPocApplicationTests.java:58)
	at sun.reflect.NativeMethodAccessorImpl.invoke0(Native Method)
	at sun.reflect.NativeMethodAccessorImpl.invoke(NativeMethodAccessorImpl.java:62)
	at sun.reflect.DelegatingMethodAccessorImpl.invoke(DelegatingMethodAccessorImpl.java:43)
	at java.lang.reflect.Method.invoke(Method.java:498)
	at org.junit.runners.model.FrameworkMethod$1.runReflectiveCall(FrameworkMethod.java:50)
	at org.junit.internal.runners.model.ReflectiveCallable.run(ReflectiveCallable.java:12)
	at org.junit.runners.model.FrameworkMethod.invokeExplosively(FrameworkMethod.java:47)
	at org.junit.internal.runners.statements.InvokeMethod.evaluate(InvokeMethod.java:17)
	at org.junit.runners.ParentRunner.runLeaf(ParentRunner.java:325)
	at org.junit.runners.BlockJUnit4ClassRunner.runChild(BlockJUnit4ClassRunner.java:78)
	at org.junit.runners.BlockJUnit4ClassRunner.runChild(BlockJUnit4ClassRunner.java:57)
	at org.junit.runners.ParentRunner$3.run(ParentRunner.java:290)
	at org.junit.runners.ParentRunner$1.schedule(ParentRunner.java:71)
	at org.junit.runners.ParentRunner.runChildren(ParentRunner.java:288)
	at org.junit.runners.ParentRunner.access$000(ParentRunner.java:58)
	at org.junit.runners.ParentRunner$2.evaluate(ParentRunner.java:268)
	at org.junit.runners.ParentRunner.run(ParentRunner.java:363)
	at org.gradle.api.internal.tasks.testing.junit.JUnitTestClassExecuter.runTestClass(JUnitTestClassExecuter.java:114)
	at org.gradle.api.internal.tasks.testing.junit.JUnitTestClassExecuter.execute(JUnitTestClassExecuter.java:57)
	at org.gradle.api.internal.tasks.testing.junit.JUnitTestClassProcessor.processTestClass(JUnitTestClassProcessor.java:66)
	at org.gradle.api.internal.tasks.testing.SuiteTestClassProcessor.processTestClass(SuiteTestClassProcessor.java:51)
	at sun.reflect.NativeMethodAccessorImpl.invoke0(Native Method)
	at sun.reflect.NativeMethodAccessorImpl.invoke(NativeMethodAccessorImpl.java:62)
	at sun.reflect.DelegatingMethodAccessorImpl.invoke(DelegatingMethodAccessorImpl.java:43)
	at java.lang.reflect.Method.invoke(Method.java:498)
	at org.gradle.internal.dispatch.ReflectionDispatch.dispatch(ReflectionDispatch.java:35)
	at org.gradle.internal.dispatch.ReflectionDispatch.dispatch(ReflectionDispatch.java:24)
	at org.gradle.internal.dispatch.ContextClassLoaderDispatch.dispatch(ContextClassLoaderDispatch.java:32)
	at org.gradle.internal.dispatch.ProxyDispatchAdapter$DispatchingInvocationHandler.invoke(ProxyDispatchAdapter.java:93)
	at com.sun.proxy.$Proxy2.processTestClass(Unknown Source)
	at org.gradle.api.internal.tasks.testing.worker.TestWorker.processTestClass(TestWorker.java:109)
	at sun.reflect.NativeMethodAccessorImpl.invoke0(Native Method)
	at sun.reflect.NativeMethodAccessorImpl.invoke(NativeMethodAccessorImpl.java:62)
	at sun.reflect.DelegatingMethodAccessorImpl.invoke(DelegatingMethodAccessorImpl.java:43)
	at java.lang.reflect.Method.invoke(Method.java:498)
	at org.gradle.internal.dispatch.ReflectionDispatch.dispatch(ReflectionDispatch.java:35)
	at org.gradle.internal.dispatch.ReflectionDispatch.dispatch(ReflectionDispatch.java:24)
	at org.gradle.internal.remote.internal.hub.MessageHubBackedObjectConnection$DispatchWrapper.dispatch(MessageHubBackedObjectConnection.java:147)
	at org.gradle.internal.remote.internal.hub.MessageHubBackedObjectConnection$DispatchWrapper.dispatch(MessageHubBackedObjectConnection.java:129)
	at org.gradle.internal.remote.internal.hub.MessageHub$Handler.run(MessageHub.java:404)
	at org.gradle.internal.concurrent.ExecutorPolicy$CatchAndRecordFailures.onExecute(ExecutorPolicy.java:63)
	at org.gradle.internal.concurrent.StoppableExecutorImpl$1.run(StoppableExecutorImpl.java:46)
	at java.util.concurrent.ThreadPoolExecutor.runWorker(ThreadPoolExecutor.java:1149)
	at java.util.concurrent.ThreadPoolExecutor$Worker.run(ThreadPoolExecutor.java:624)
	at java.lang.Thread.run(Thread.java:748)
15:15:50.046 [Test worker] DEBUG reactor.ipc.netty.resources.DefaultLoopEpollDetector - Default epoll support : false
15:15:50.050 [Test worker] DEBUG reactor.ipc.netty.resources.DefaultPoolResources - New http client pool for localhost/127.0.0.1:19080
15:15:50.089 [Test worker] DEBUG reactor.ipc.netty.channel.PooledClientContextHandler - Acquiring existing channel from pool: DefaultPromise@68623e37(incomplete) FixedChannelPool{activeConnections=0}
15:15:50.100 [reactor-http-nio-1] DEBUG io.netty.channel.DefaultChannelId - -Dio.netty.processId: 9676 (auto-detected)
15:15:50.105 [reactor-http-nio-1] DEBUG io.netty.util.NetUtil - -Djava.net.preferIPv4Stack: false
15:15:50.105 [reactor-http-nio-1] DEBUG io.netty.util.NetUtil - -Djava.net.preferIPv6Addresses: false
15:15:50.108 [reactor-http-nio-1] DEBUG io.netty.util.NetUtil - Loopback interface: lo (lo, 0:0:0:0:0:0:0:1%lo)
15:15:50.110 [reactor-http-nio-1] DEBUG io.netty.util.NetUtil - /proc/sys/net/core/somaxconn: 128
15:15:50.111 [reactor-http-nio-1] DEBUG io.netty.channel.DefaultChannelId - -Dio.netty.machineId: e4:b3:18:ff:fe:0f:29:22 (auto-detected)
15:15:50.120 [reactor-http-nio-1] DEBUG io.netty.util.ResourceLeakDetector - -Dio.netty.leakDetection.level: simple
15:15:50.120 [reactor-http-nio-1] DEBUG io.netty.util.ResourceLeakDetector - -Dio.netty.leakDetection.maxRecords: 4
15:15:50.127 [reactor-http-nio-1] DEBUG io.netty.buffer.ByteBufUtil - -Dio.netty.allocator.type: pooled
15:15:50.128 [reactor-http-nio-1] DEBUG io.netty.buffer.ByteBufUtil - -Dio.netty.threadLocalDirectBufferSize: 65536
15:15:50.128 [reactor-http-nio-1] DEBUG io.netty.buffer.ByteBufUtil - -Dio.netty.maxThreadLocalCharBufferSize: 16384
15:15:50.140 [reactor-http-nio-5] DEBUG reactor.ipc.netty.resources.DefaultPoolResources - Created [id: 0x5b5d79f6], now 1 active connections
15:15:50.155 [reactor-http-nio-5] DEBUG io.netty.buffer.AbstractByteBuf - -Dio.netty.buffer.bytebuf.checkAccessible: true
15:15:50.156 [reactor-http-nio-5] DEBUG io.netty.util.ResourceLeakDetectorFactory - Loaded default ResourceLeakDetector: io.netty.util.ResourceLeakDetector@5470cb9b
15:15:50.160 [reactor-http-nio-5] DEBUG reactor.ipc.netty.channel.ContextHandler - After pipeline DefaultChannelPipeline{(reactor.left.loggingHandler = io.netty.handler.logging.LoggingHandler), (SimpleChannelPool$1#0 = io.netty.channel.pool.SimpleChannelPool$1), (reactor.left.httpDecoder = io.netty.handler.codec.http.HttpResponseDecoder), (reactor.left.httpEncoder = io.netty.handler.codec.http.HttpRequestEncoder), (reactor.right.reactiveBridge = reactor.ipc.netty.channel.ChannelOperationsHandler)}
15:15:50.162 [reactor-http-nio-5] DEBUG reactor.ipc.netty.http.client.HttpClient - [id: 0x5b5d79f6] REGISTERED
15:15:50.163 [reactor-http-nio-5] DEBUG reactor.ipc.netty.http.client.HttpClient - [id: 0x5b5d79f6] CONNECT: localhost/127.0.0.1:19080
15:15:50.165 [reactor-http-nio-5] DEBUG reactor.ipc.netty.http.client.HttpClient - [id: 0x5b5d79f6] CLOSE
15:15:50.166 [reactor-http-nio-5] DEBUG reactor.ipc.netty.http.client.HttpClient - [id: 0x5b5d79f6] UNREGISTERED
15:15:50.169 [reactor-http-nio-4] ERROR org.springframework.web.reactive.function.client - onError(io.netty.channel.AbstractChannel$AnnotatedConnectException: Connection refused: localhost/127.0.0.1:19080)
15:15:50.169 [reactor-http-nio-4] ERROR org.springframework.web.reactive.function.client - 
io.netty.channel.AbstractChannel$AnnotatedConnectException: Connection refused: localhost/127.0.0.1:19080
	at sun.nio.ch.SocketChannelImpl.checkConnect(Native Method)
	at sun.nio.ch.SocketChannelImpl.finishConnect(SocketChannelImpl.java:717)
	at io.netty.channel.socket.nio.NioSocketChannel.doFinishConnect(NioSocketChannel.java:352)
	at io.netty.channel.nio.AbstractNioChannel$AbstractNioUnsafe.finishConnect(AbstractNioChannel.java:340)
	at io.netty.channel.nio.NioEventLoop.processSelectedKey(NioEventLoop.java:632)
	at io.netty.channel.nio.NioEventLoop.processSelectedKeysOptimized(NioEventLoop.java:579)
	at io.netty.channel.nio.NioEventLoop.processSelectedKeys(NioEventLoop.java:496)
	at io.netty.channel.nio.NioEventLoop.run(NioEventLoop.java:458)
	at io.netty.util.concurrent.SingleThreadEventExecutor$5.run(SingleThreadEventExecutor.java:858)
	at java.lang.Thread.run(Thread.java:748)
Caused by: java.net.ConnectException: Connection refused
	... 10 common frames omitted
15:15:51.092 [Test worker] INFO org.talend.flux.FluxWebappPocApplicationTests - start test
15:15:51.107 [Test worker] DEBUG org.springframework.web.reactive.function.client - onSubscribe(FluxSwitchIfEmpty.SwitchIfEmptySubscriber)
15:15:51.107 [Test worker] DEBUG org.springframework.web.reactive.function.client - request(unbounded)
15:15:51.108 [Test worker] DEBUG reactor.ipc.netty.channel.PooledClientContextHandler - Acquiring existing channel from pool: DefaultPromise@7f55cec1(incomplete) FixedChannelPool{activeConnections=1}
15:15:51.108 [reactor-http-nio-7] DEBUG reactor.ipc.netty.resources.DefaultPoolResources - Created [id: 0x646bbc19], now 2 active connections
15:15:51.108 [reactor-http-nio-7] DEBUG reactor.ipc.netty.channel.ContextHandler - After pipeline DefaultChannelPipeline{(reactor.left.loggingHandler = io.netty.handler.logging.LoggingHandler), (SimpleChannelPool$1#0 = io.netty.channel.pool.SimpleChannelPool$1), (reactor.left.httpDecoder = io.netty.handler.codec.http.HttpResponseDecoder), (reactor.left.httpEncoder = io.netty.handler.codec.http.HttpRequestEncoder), (reactor.right.reactiveBridge = reactor.ipc.netty.channel.ChannelOperationsHandler)}
15:15:51.108 [reactor-http-nio-7] DEBUG reactor.ipc.netty.http.client.HttpClient - [id: 0x646bbc19] REGISTERED
15:15:51.108 [reactor-http-nio-7] DEBUG reactor.ipc.netty.http.client.HttpClient - [id: 0x646bbc19] CONNECT: localhost/127.0.0.1:19080
15:15:51.109 [reactor-http-nio-7] DEBUG reactor.ipc.netty.http.client.HttpClient - [id: 0x646bbc19] CLOSE
15:15:51.109 [reactor-http-nio-6] ERROR org.springframework.web.reactive.function.client - onError(io.netty.channel.AbstractChannel$AnnotatedConnectException: Connection refused: localhost/127.0.0.1:19080)
15:15:51.109 [reactor-http-nio-7] DEBUG reactor.ipc.netty.http.client.HttpClient - [id: 0x646bbc19] UNREGISTERED
15:15:51.109 [reactor-http-nio-6] ERROR org.springframework.web.reactive.function.client - 
io.netty.channel.AbstractChannel$AnnotatedConnectException: Connection refused: localhost/127.0.0.1:19080
	at sun.nio.ch.SocketChannelImpl.checkConnect(Native Method)
	at sun.nio.ch.SocketChannelImpl.finishConnect(SocketChannelImpl.java:717)
	at io.netty.channel.socket.nio.NioSocketChannel.doFinishConnect(NioSocketChannel.java:352)
	at io.netty.channel.nio.AbstractNioChannel$AbstractNioUnsafe.finishConnect(AbstractNioChannel.java:340)
	at io.netty.channel.nio.NioEventLoop.processSelectedKey(NioEventLoop.java:632)
	at io.netty.channel.nio.NioEventLoop.processSelectedKeysOptimized(NioEventLoop.java:579)
	at io.netty.channel.nio.NioEventLoop.processSelectedKeys(NioEventLoop.java:496)
	at io.netty.channel.nio.NioEventLoop.run(NioEventLoop.java:458)
	at io.netty.util.concurrent.SingleThreadEventExecutor$5.run(SingleThreadEventExecutor.java:858)
	at java.lang.Thread.run(Thread.java:748)
Caused by: java.net.ConnectException: Connection refused
	... 10 common frames omitted
null
]]></system-out>
  <system-err><![CDATA[]]></system-err>
</testsuite>
